[debug] [2022-06-10T10:43:58.409Z] ----------------------------------------------------------------------
[debug] [2022-06-10T10:43:58.412Z] Command:       C:\Program Files\nodejs\node.exe C:\Users\Anik\AppData\Roaming\npm\node_modules\firebase-tools\lib\bin\firebase.js init
[debug] [2022-06-10T10:43:58.412Z] CLI Version:   11.0.1
[debug] [2022-06-10T10:43:58.412Z] Platform:      win32
[debug] [2022-06-10T10:43:58.413Z] Node Version:  v16.13.1
[debug] [2022-06-10T10:43:58.414Z] Time:          Fri Jun 10 2022 16:43:58 GMT+0600 (Bangladesh Standard Time)
[debug] [2022-06-10T10:43:58.414Z] ----------------------------------------------------------------------
[debug] 
[debug] [2022-06-10T10:43:58.417Z] >>> [apiv2][query] GET https://firebase-public.firebaseio.com/cli.json [none]
[debug] [2022-06-10T10:43:58.448Z] > command requires scopes: ["email","openid","https://www.googleapis.com/auth/cloudplatformprojects.readonly","https://www.googleapis.com/auth/firebase","https://www.googleapis.com/auth/cloud-platform"]
[debug] [2022-06-10T10:43:58.448Z] > authorizing via signed-in user (anik.fahim07@gmail.com)
[info] 
     ######## #### ########  ######## ########     ###     ######  ########
     ##        ##  ##     ## ##       ##     ##  ##   ##  ##       ##
     ######    ##  ########  ######   ########  #########  ######  ######
     ##        ##  ##    ##  ##       ##     ## ##     ##       ## ##
     ##       #### ##     ## ######## ########  ##     ##  ######  ########

You're about to initialize a Firebase project in this directory:

  C:\projects\my-portfolio

Before we get started, keep in mind:

  * You are currently outside your home directory

